c:\users\ghost\source\repos\mad-timer\alarm\x64\debug\vc143.pdb
c:\users\ghost\source\repos\mad-timer\alarm\x64\debug\vc143.idb
c:\users\ghost\source\repos\mad-timer\alarm\x64\debug\alarm.obj
c:\users\ghost\source\repos\mad-timer\x64\debug\alarm.pdb
c:\users\ghost\source\repos\mad-timer\alarm\x64\debug\alarm.tlog\cl.command.1.tlog
c:\users\ghost\source\repos\mad-timer\alarm\x64\debug\alarm.tlog\cl.read.1.tlog
c:\users\ghost\source\repos\mad-timer\alarm\x64\debug\alarm.tlog\cl.write.1.tlog
c:\users\ghost\source\repos\mad-timer\alarm\x64\debug\alarm.tlog\link-cvtres.read.1.tlog
c:\users\ghost\source\repos\mad-timer\alarm\x64\debug\alarm.tlog\link-cvtres.write.1.tlog
c:\users\ghost\source\repos\mad-timer\alarm\x64\debug\alarm.tlog\link-rc.read.1.tlog
c:\users\ghost\source\repos\mad-timer\alarm\x64\debug\alarm.tlog\link-rc.write.1.tlog
c:\users\ghost\source\repos\mad-timer\alarm\x64\debug\alarm.tlog\link.13612-cvtres.read.1.tlog
c:\users\ghost\source\repos\mad-timer\alarm\x64\debug\alarm.tlog\link.13612-cvtres.write.1.tlog
c:\users\ghost\source\repos\mad-timer\alarm\x64\debug\alarm.tlog\link.13612-rc.read.1.tlog
c:\users\ghost\source\repos\mad-timer\alarm\x64\debug\alarm.tlog\link.13612-rc.write.1.tlog
c:\users\ghost\source\repos\mad-timer\alarm\x64\debug\alarm.tlog\link.13612.read.1.tlog
c:\users\ghost\source\repos\mad-timer\alarm\x64\debug\alarm.tlog\link.13612.read.2.tlog
c:\users\ghost\source\repos\mad-timer\alarm\x64\debug\alarm.tlog\link.13612.write.1.tlog
c:\users\ghost\source\repos\mad-timer\alarm\x64\debug\alarm.tlog\link.command.1.tlog
c:\users\ghost\source\repos\mad-timer\alarm\x64\debug\alarm.tlog\link.read.1.tlog
c:\users\ghost\source\repos\mad-timer\alarm\x64\debug\alarm.tlog\link.read.2.tlog
c:\users\ghost\source\repos\mad-timer\alarm\x64\debug\alarm.tlog\link.write.1.tlog
